<?xml version="1.0" encoding="UTF-8"?>
<testsuite xmlns:xsi="http://www.w3.org/2001/XMLSchema-instance" xsi:noNamespaceSchemaLocation="https://maven.apache.org/surefire/maven-surefire-plugin/xsd/surefire-test-report.xsd" version="3.0.2" name="com.rapidresponse.route.algorithm.DijkstraPathfinderTest" time="0.441" tests="6" errors="0" skipped="0" failures="0">
  <properties>
[...]
</properties>
  <testcase name="terminatesOnCyclesAndReturnsTheShortestCycleSafePath" classname="com.rapidresponse.route.algorithm.DijkstraPathfinderTest" time="0.179"/>
  <testcase name="ignoresBlockedEdgesAndReportsNoPathWhenTheyAreTheOnlyRoute" classname="com.rapidresponse.route.algorithm.DijkstraPathfinderTest" time="0.007"/>
  <testcase name="returnsNoPathForDisconnectedNodes" classname="com.rapidresponse.route.algorithm.DijkstraPathfinderTest" time="0.017"/>
  <testcase name="findsMultiHopShortestPathAndBacktracksParentsInOrder" classname="com.rapidresponse.route.algorithm.DijkstraPathfinderTest" time="0.01"/>
  <testcase name="findsSingleEdgePathAndAccumulatesMetrics" classname="com.rapidresponse.route.algorithm.DijkstraPathfinderTest" time="0.009"/>
  <testcase name="recordsExecutionTimeAndCompletesARepresentativeGraphPromptly" classname="com.rapidresponse.route.algorithm.DijkstraPathfinderTest" time="0.031"/>
</testsuite>